Determining if the pthread_create exist failed with the following output:
Change Dir: /media/kruppe/1e0a5b1d-281d-40a6-8ca8-095201d10cc2/Work/columbia/HumanoidRobots/fetch_ws/build/CMakeFiles/CMakeTmp

Run Build Command:/usr/bin/make "cmTryCompileExec3312992572/fast"
/usr/bin/make -f CMakeFiles/cmTryCompileExec3312992572.dir/build.make CMakeFiles/cmTryCompileExec3312992572.dir/build
make[1]: Entering directory `/media/kruppe/1e0a5b1d-281d-40a6-8ca8-095201d10cc2/Work/columbia/HumanoidRobots/fetch_ws/build/CMakeFiles/CMakeTmp'
/usr/bin/cmake -E cmake_progress_report /media/kruppe/1e0a5b1d-281d-40a6-8ca8-095201d10cc2/Work/columbia/HumanoidRobots/fetch_ws/build/CMakeFiles/CMakeTmp/CMakeFiles 1
Building C object CMakeFiles/cmTryCompileExec3312992572.dir/CheckSymbolExists.c.o
/usr/bin/cc    -o CMakeFiles/cmTryCompileExec3312992572.dir/CheckSymbolExists.c.o   -c /media/kruppe/1e0a5b1d-281d-40a6-8ca8-095201d10cc2/Work/columbia/HumanoidRobots/fetch_ws/build/CMakeFiles/CMakeTmp/CheckSymbolExists.c
Linking C executable cmTryCompileExec3312992572
/usr/bin/cmake -E cmake_link_script CMakeFiles/cmTryCompileExec3312992572.dir/link.txt --verbose=1
/usr/bin/cc       CMakeFiles/cmTryCompileExec3312992572.dir/CheckSymbolExists.c.o  -o cmTryCompileExec3312992572 -rdynamic 
CMakeFiles/cmTryCompileExec3312992572.dir/CheckSymbolExists.c.o: In function `main':
CheckSymbolExists.c:(.text+0xa): undefined reference to `pthread_create'
collect2: error: ld returned 1 exit status
make[1]: *** [cmTryCompileExec3312992572] Error 1
make[1]: Leaving directory `/media/kruppe/1e0a5b1d-281d-40a6-8ca8-095201d10cc2/Work/columbia/HumanoidRobots/fetch_ws/build/CMakeFiles/CMakeTmp'
make: *** [cmTryCompileExec3312992572/fast] Error 2

File /media/kruppe/1e0a5b1d-281d-40a6-8ca8-095201d10cc2/Work/columbia/HumanoidRobots/fetch_ws/build/CMakeFiles/CMakeTmp/CheckSymbolExists.c:
/* */
#include <pthread.h>

int main(int argc, char** argv)
{
  (void)argv;
#ifndef pthread_create
  return ((int*)(&pthread_create))[argc];
#else
  (void)argc;
  return 0;
#endif
}

Determining if the function pthread_create exists in the pthreads failed with the following output:
Change Dir: /media/kruppe/1e0a5b1d-281d-40a6-8ca8-095201d10cc2/Work/columbia/HumanoidRobots/fetch_ws/build/CMakeFiles/CMakeTmp

Run Build Command:/usr/bin/make "cmTryCompileExec713501235/fast"
/usr/bin/make -f CMakeFiles/cmTryCompileExec713501235.dir/build.make CMakeFiles/cmTryCompileExec713501235.dir/build
make[1]: Entering directory `/media/kruppe/1e0a5b1d-281d-40a6-8ca8-095201d10cc2/Work/columbia/HumanoidRobots/fetch_ws/build/CMakeFiles/CMakeTmp'
/usr/bin/cmake -E cmake_progress_report /media/kruppe/1e0a5b1d-281d-40a6-8ca8-095201d10cc2/Work/columbia/HumanoidRobots/fetch_ws/build/CMakeFiles/CMakeTmp/CMakeFiles 1
Building C object CMakeFiles/cmTryCompileExec713501235.dir/CheckFunctionExists.c.o
/usr/bin/cc   -DCHECK_FUNCTION_EXISTS=pthread_create   -o CMakeFiles/cmTryCompileExec713501235.dir/CheckFunctionExists.c.o   -c /usr/share/cmake-2.8/Modules/CheckFunctionExists.c
Linking C executable cmTryCompileExec713501235
/usr/bin/cmake -E cmake_link_script CMakeFiles/cmTryCompileExec713501235.dir/link.txt --verbose=1
/usr/bin/cc   -DCHECK_FUNCTION_EXISTS=pthread_create    CMakeFiles/cmTryCompileExec713501235.dir/CheckFunctionExists.c.o  -o cmTryCompileExec713501235 -rdynamic -lpthreads 
/usr/bin/ld: cannot find -lpthreads
collect2: error: ld returned 1 exit status
make[1]: *** [cmTryCompileExec713501235] Error 1
make[1]: Leaving directory `/media/kruppe/1e0a5b1d-281d-40a6-8ca8-095201d10cc2/Work/columbia/HumanoidRobots/fetch_ws/build/CMakeFiles/CMakeTmp'
make: *** [cmTryCompileExec713501235/fast] Error 2


